<?xml version="1.0" encoding="UTF-8"?>
<testsuite xmlns:xsi="http://www.w3.org/2001/XMLSchema-instance" xsi:noNamespaceSchemaLocation="https://maven.apache.org/surefire/maven-surefire-plugin/xsd/surefire-test-report.xsd" name="com.bayzat.bayztracker.controller.CurrencyControllerTest" time="0.673" tests="1" errors="0" skipped="1" failures="0">
  <properties>
[...]
</properties>
  <testcase name="com.bayzat.bayztracker.controller.CurrencyControllerTest" classname="com.bayzat.bayztracker.controller.CurrencyControllerTest" time="0">
    <skipped/>
    <system-out><![CDATA[20:54:46.574 [main] DEBUG org.springframework.test.context.junit4.SpringJUnit4ClassRunner - SpringJUnit4ClassRunner constructor called with [class com.bayzat.bayztracker.controller.CurrencyControllerTest]
20:54:46.578 [main] DEBUG org.springframework.test.context.BootstrapUtils - Instantiating CacheAwareContextLoaderDelegate from class [org.springframework.test.context.cache.DefaultCacheAwareContextLoaderDelegate]
20:54:46.584 [main] DEBUG org.springframework.test.context.BootstrapUtils - Instantiating BootstrapContext using constructor [public org.springframework.test.context.support.DefaultBootstrapContext(java.lang.Class,org.springframework.test.context.CacheAwareContextLoaderDelegate)]
20:54:46.604 [main] DEBUG org.springframework.test.context.BootstrapUtils - Instantiating TestContextBootstrapper for test class [com.bayzat.bayztracker.controller.CurrencyControllerTest] from class [org.springframework.boot.test.context.SpringBootTestContextBootstrapper]
20:54:46.614 [main] INFO org.springframework.boot.test.context.SpringBootTestContextBootstrapper - Neither @ContextConfiguration nor @ContextHierarchy found for test class [com.bayzat.bayztracker.controller.CurrencyControllerTest], using SpringBootContextLoader
20:54:46.617 [main] DEBUG org.springframework.test.context.support.AbstractContextLoader - Did not detect default resource location for test class [com.bayzat.bayztracker.controller.CurrencyControllerTest]: class path resource [com/bayzat/bayztracker/controller/CurrencyControllerTest-context.xml] does not exist
20:54:46.617 [main] DEBUG org.springframework.test.context.support.AbstractContextLoader - Did not detect default resource location for test class [com.bayzat.bayztracker.controller.CurrencyControllerTest]: class path resource [com/bayzat/bayztracker/controller/CurrencyControllerTestContext.groovy] does not exist
20:54:46.618 [main] INFO org.springframework.test.context.support.AbstractContextLoader - Could not detect default resource locations for test class [com.bayzat.bayztracker.controller.CurrencyControllerTest]: no resource found for suffixes {-context.xml, Context.groovy}.
20:54:46.619 [main] INFO org.springframework.test.context.support.AnnotationConfigContextLoaderUtils - Could not detect default configuration classes for test class [com.bayzat.bayztracker.controller.CurrencyControllerTest]: CurrencyControllerTest does not declare any static, non-private, non-final, nested classes annotated with @Configuration.
20:54:46.675 [main] DEBUG org.springframework.test.context.support.ActiveProfilesUtils - Could not find an 'annotation declaring class' for annotation type [org.springframework.test.context.ActiveProfiles] and class [com.bayzat.bayztracker.controller.CurrencyControllerTest]
20:54:46.680 [main] DEBUG org.springframework.core.env.StandardEnvironment - Adding PropertySource 'systemProperties' with lowest search precedence
20:54:46.680 [main] DEBUG org.springframework.core.env.StandardEnvironment - Adding PropertySource 'systemEnvironment' with lowest search precedence
20:54:46.680 [main] DEBUG org.springframework.core.env.StandardEnvironment - Initialized StandardEnvironment with PropertySources [MapPropertySource@2012330741 {name='systemProperties', properties={java.specification.version=15, sun.jnu.encoding=UTF-8, java.class.path=/Users/usman/Desktop/Sem/bayzat/BayzTracker/target/test-classes:/Users/usman/Desktop/Sem/bayzat/BayzTracker/target/classes:/Users/usman/.m2/repository/org/springframework/boot/spring-boot-starter-data-rest/2.0.3.RELEASE/spring-boot-starter-data-rest-2.0.3.RELEASE.jar:/Users/usman/.m2/repository/org/springframework/boot/spring-boot-starter/2.0.3.RELEASE/spring-boot-starter-2.0.3.RELEASE.jar:/Users/usman/.m2/repository/org/springframework/boot/spring-boot-starter-logging/2.0.3.RELEASE/spring-boot-starter-logging-2.0.3.RELEASE.jar:/Users/usman/.m2/repository/ch/qos/logback/logback-classic/1.2.3/logback-classic-1.2.3.jar:/Users/usman/.m2/repository/ch/qos/logback/logback-core/1.2.3/logback-core-1.2.3.jar:/Users/usman/.m2/repository/org/apache/logging/log4j/log4j-to-slf4j/2.10.0/log4j-to-slf4j-2.10.0.jar:/Users/usman/.m2/repository/org/apache/logging/log4j/log4j-api/2.10.0/log4j-api-2.10.0.jar:/Users/usman/.m2/repository/org/slf4j/jul-to-slf4j/1.7.25/jul-to-slf4j-1.7.25.jar:/Users/usman/.m2/repository/javax/annotation/javax.annotation-api/1.3.2/javax.annotation-api-1.3.2.jar:/Users/usman/.m2/repository/org/yaml/snakeyaml/1.19/snakeyaml-1.19.jar:/Users/usman/.m2/repository/org/springframework/boot/spring-boot-starter-json/2.0.3.RELEASE/spring-boot-starter-json-2.0.3.RELEASE.jar:/Users/usman/.m2/repository/com/fasterxml/jackson/datatype/jackson-datatype-jdk8/2.9.6/jackson-datatype-jdk8-2.9.6.jar:/Users/usman/.m2/repository/com/fasterxml/jackson/datatype/jackson-datatype-jsr310/2.9.6/jackson-datatype-jsr310-2.9.6.jar:/Users/usman/.m2/repository/com/fasterxml/jackson/module/jackson-module-parameter-names/2.9.6/jackson-module-parameter-names-2.9.6.jar:/Users/usman/.m2/repository/org/springframework/data/spring-data-rest-webmvc/3.0.8.RELEASE/spring-data-rest-webmvc-3.0.8.RELEASE.jar:/Users/usman/.m2/repository/org/springframework/data/spring-data-rest-core/3.0.8.RELEASE/spring-data-rest-core-3.0.8.RELEASE.jar:/Users/usman/.m2/repository/org/springframework/hateoas/spring-hateoas/0.24.0.RELEASE/spring-hateoas-0.24.0.RELEASE.jar:/Users/usman/.m2/repository/org/springframework/plugin/spring-plugin-core/1.2.0.RELEASE/spring-plugin-core-1.2.0.RELEASE.jar:/Users/usman/.m2/repository/org/atteo/evo-inflector/1.2.2/evo-inflector-1.2.2.jar:/Users/usman/.m2/repository/com/fasterxml/jackson/core/jackson-annotations/2.9.0/jackson-annotations-2.9.0.jar:/Users/usman/.m2/repository/org/slf4j/slf4j-api/1.7.25/slf4j-api-1.7.25.jar:/Users/usman/.m2/repository/org/springframework/boot/spring-boot-starter-integration/2.0.3.RELEASE/spring-boot-starter-integration-2.0.3.RELEASE.jar:/Users/usman/.m2/repository/org/springframework/boot/spring-boot-starter-aop/2.0.3.RELEASE/spring-boot-starter-aop-2.0.3.RELEASE.jar:/Users/usman/.m2/repository/org/aspectj/aspectjweaver/1.8.13/aspectjweaver-1.8.13.jar:/Users/usman/.m2/repository/org/springframework/integration/spring-integration-core/5.0.6.RELEASE/spring-integration-core-5.0.6.RELEASE.jar:/Users/usman/.m2/repository/org/springframework/spring-tx/5.0.7.RELEASE/spring-tx-5.0.7.RELEASE.jar:/Users/usman/.m2/repository/org/springframework/retry/spring-retry/1.2.2.RELEASE/spring-retry-1.2.2.RELEASE.jar:/Users/usman/.m2/repository/io/projectreactor/reactor-core/3.1.8.RELEASE/reactor-core-3.1.8.RELEASE.jar:/Users/usman/.m2/repository/org/reactivestreams/reactive-streams/1.0.2/reactive-streams-1.0.2.jar:/Users/usman/.m2/repository/org/springframework/boot/spring-boot-starter-web/2.0.3.RELEASE/spring-boot-starter-web-2.0.3.RELEASE.jar:/Users/usman/.m2/repository/org/springframework/boot/spring-boot-starter-tomcat/2.0.3.RELEASE/spring-boot-starter-tomcat-2.0.3.RELEASE.jar:/Users/usman/.m2/repository/org/apache/tomcat/embed/tomcat-embed-core/8.5.31/tomcat-embed-core-8.5.31.jar:/Users/usman/.m2/repository/org/apache/tomcat/embed/tomcat-embed-el/8.5.31/tomcat-embed-el-8.5.31.jar:/Users/usman/.m2/repository/org/apache/tomcat/embed/tomcat-embed-websocket/8.5.31/tomcat-embed-websocket-8.5.31.jar:/Users/usman/.m2/repository/org/springframework/spring-web/5.0.7.RELEASE/spring-web-5.0.7.RELEASE.jar:/Users/usman/.m2/repository/org/springframework/spring-webmvc/5.0.7.RELEASE/spring-webmvc-5.0.7.RELEASE.jar:/Users/usman/.m2/repository/org/springframework/spring-expression/5.0.7.RELEASE/spring-expression-5.0.7.RELEASE.jar:/Users/usman/.m2/repository/org/hibernate/hibernate-validator/5.1.3.Final/hibernate-validator-5.1.3.Final.jar:/Users/usman/.m2/repository/javax/validation/validation-api/2.0.1.Final/validation-api-2.0.1.Final.jar:/Users/usman/.m2/repository/org/jboss/logging/jboss-logging/3.3.2.Final/jboss-logging-3.3.2.Final.jar:/Users/usman/.m2/repository/com/fasterxml/classmate/1.3.4/classmate-1.3.4.jar:/Users/usman/.m2/repository/org/springframework/boot/spring-boot-devtools/2.0.3.RELEASE/spring-boot-devtools-2.0.3.RELEASE.jar:/Users/usman/.m2/repository/org/springframework/boot/spring-boot/2.0.3.RELEASE/spring-boot-2.0.3.RELEASE.jar:/Users/usman/.m2/repository/org/springframework/boot/spring-boot-autoconfigure/2.0.3.RELEASE/spring-boot-autoconfigure-2.0.3.RELEASE.jar:/Users/usman/.m2/repository/org/springframework/boot/spring-boot-starter-data-jpa/2.0.3.RELEASE/spring-boot-starter-data-jpa-2.0.3.RELEASE.jar:/Users/usman/.m2/repository/org/springframework/boot/spring-boot-starter-jdbc/2.0.3.RELEASE/spring-boot-starter-jdbc-2.0.3.RELEASE.jar:/Users/usman/.m2/repository/com/zaxxer/HikariCP/2.7.9/HikariCP-2.7.9.jar:/Users/usman/.m2/repository/org/springframework/spring-jdbc/5.0.7.RELEASE/spring-jdbc-5.0.7.RELEASE.jar:/Users/usman/.m2/repository/org/hibernate/hibernate-core/5.2.17.Final/hibernate-core-5.2.17.Final.jar:/Users/usman/.m2/repository/org/hibernate/javax/persistence/hibernate-jpa-2.1-api/1.0.2.Final/hibernate-jpa-2.1-api-1.0.2.Final.jar:/Users/usman/.m2/repository/antlr/antlr/2.7.7/antlr-2.7.7.jar:/Users/usman/.m2/repository/org/jboss/jandex/2.0.3.Final/jandex-2.0.3.Final.jar:/Users/usman/.m2/repository/dom4j/dom4j/1.6.1/dom4j-1.6.1.jar:/Users/usman/.m2/repository/org/hibernate/common/hibernate-commons-annotations/5.0.1.Final/hibernate-commons-annotations-5.0.1.Final.jar:/Users/usman/.m2/repository/javax/transaction/javax.transaction-api/1.2/javax.transaction-api-1.2.jar:/Users/usman/.m2/repository/org/springframework/data/spring-data-jpa/2.0.8.RELEASE/spring-data-jpa-2.0.8.RELEASE.jar:/Users/usman/.m2/repository/org/springframework/data/spring-data-commons/2.0.8.RELEASE/spring-data-commons-2.0.8.RELEASE.jar:/Users/usman/.m2/repository/org/springframework/spring-orm/5.0.7.RELEASE/spring-orm-5.0.7.RELEASE.jar:/Users/usman/.m2/repository/org/springframework/spring-aspects/5.0.7.RELEASE/spring-aspects-5.0.7.RELEASE.jar:/Users/usman/.m2/repository/org/springframework/spring-websocket/5.0.7.RELEASE/spring-websocket-5.0.7.RELEASE.jar:/Users/usman/.m2/repository/org/springframework/spring-context/5.0.7.RELEASE/spring-context-5.0.7.RELEASE.jar:/Users/usman/.m2/repository/org/springframework/spring-core/5.0.7.RELEASE/spring-core-5.0.7.RELEASE.jar:/Users/usman/.m2/repository/org/springframework/spring-jcl/5.0.7.RELEASE/spring-jcl-5.0.7.RELEASE.jar:/Users/usman/.m2/repository/org/springframework/spring-messaging/5.0.7.RELEASE/spring-messaging-5.0.7.RELEASE.jar:/Users/usman/.m2/repository/org/springframework/spring-beans/5.0.7.RELEASE/spring-beans-5.0.7.RELEASE.jar:/Users/usman/.m2/repository/org/springframework/boot/spring-boot-starter-test/2.0.3.RELEASE/spring-boot-starter-test-2.0.3.RELEASE.jar:/Users/usman/.m2/repository/org/springframework/boot/spring-boot-test/2.0.3.RELEASE/spring-boot-test-2.0.3.RELEASE.jar:/Users/usman/.m2/repository/org/springframework/boot/spring-boot-test-autoconfigure/2.0.3.RELEASE/spring-boot-test-autoconfigure-2.0.3.RELEASE.jar:/Users/usman/.m2/repository/com/jayway/jsonpath/json-path/2.4.0/json-path-2.4.0.jar:/Users/usman/.m2/repository/org/assertj/assertj-core/3.9.1/assertj-core-3.9.1.jar:/Users/usman/.m2/repository/org/hamcrest/hamcrest-core/1.3/hamcrest-core-1.3.jar:/Users/usman/.m2/repository/org/hamcrest/hamcrest-library/1.3/hamcrest-library-1.3.jar:/Users/usman/.m2/repository/org/skyscreamer/jsonassert/1.5.0/jsonassert-1.5.0.jar:/Users/usman/.m2/repository/com/vaadin/external/google/android-json/0.0.20131108.vaadin1/android-json-0.0.20131108.vaadin1.jar:/Users/usman/.m2/repository/org/springframework/spring-test/5.0.7.RELEASE/spring-test-5.0.7.RELEASE.jar:/Users/usman/.m2/repository/org/xmlunit/xmlunit-core/2.5.1/xmlunit-core-2.5.1.jar:/Users/usman/.m2/repository/org/springframework/security/spring-security-test/5.0.6.RELEASE/spring-security-test-5.0.6.RELEASE.jar:/Users/usman/.m2/repository/org/springframework/security/spring-security-core/5.0.6.RELEASE/spring-security-core-5.0.6.RELEASE.jar:/Users/usman/.m2/repository/org/springframework/security/spring-security-web/5.0.6.RELEASE/spring-security-web-5.0.6.RELEASE.jar:/Users/usman/.m2/repository/org/springframework/restdocs/spring-restdocs-mockmvc/2.0.1.RELEASE/spring-restdocs-mockmvc-2.0.1.RELEASE.jar:/Users/usman/.m2/repository/javax/servlet/javax.servlet-api/3.1.0/javax.servlet-api-3.1.0.jar:/Users/usman/.m2/repository/org/springframework/restdocs/spring-restdocs-core/2.0.1.RELEASE/spring-restdocs-core-2.0.1.RELEASE.jar:/Users/usman/.m2/repository/org/projectlombok/lombok/1.16.22/lombok-1.16.22.jar:/Users/usman/.m2/repository/org/postgresql/postgresql/9.4.1211/postgresql-9.4.1211.jar:/Users/usman/.m2/repository/com/fasterxml/jackson/datatype/jackson-datatype-hibernate5/2.9.8/jackson-datatype-hibernate5-2.9.8.jar:/Users/usman/.m2/repository/javax/transaction/jta/1.1/jta-1.1.jar:/Users/usman/.m2/repository/com/fasterxml/jackson/core/jackson-core/2.9.6/jackson-core-2.9.6.jar:/Users/usman/.m2/repository/com/fasterxml/jackson/core/jackson-databind/2.9.6/jackson-databind-2.9.6.jar:/Users/usman/.m2/repository/net/minidev/json-smart/2.3/json-smart-2.3.jar:/Users/usman/.m2/repository/net/minidev/accessors-smart/1.2/accessors-smart-1.2.jar:/Users/usman/.m2/repository/org/ow2/asm/asm/5.0.4/asm-5.0.4.jar:/Users/usman/.m2/repository/org/mockito/mockito-core/2.23.0/mockito-core-2.23.0.jar:/Users/usman/.m2/repository/net/bytebuddy/byte-buddy/1.7.11/byte-buddy-1.7.11.jar:/Users/usman/.m2/repository/net/bytebuddy/byte-buddy-agent/1.7.11/byte-buddy-agent-1.7.11.jar:/Users/usman/.m2/repository/org/objenesis/objenesis/2.6/objenesis-2.6.jar:/Users/usman/.m2/repository/junit/junit/4.12/junit-4.12.jar:/Users/usman/.m2/repository/org/glassfish/jaxb/jaxb-runtime/2.3.3/jaxb-runtime-2.3.3.jar:/Users/usman/.m2/repository/jakarta/xml/bind/jakarta.xml.bind-api/2.3.3/jakarta.xml.bind-api-2.3.3.jar:/Users/usman/.m2/repository/org/glassfish/jaxb/txw2/2.3.3/txw2-2.3.3.jar:/Users/usman/.m2/repository/com/sun/istack/istack-commons-runtime/3.0.11/istack-commons-runtime-3.0.11.jar:/Users/usman/.m2/repository/com/sun/activation/jakarta.activation/1.2.2/jakarta.activation-1.2.2.jar:/Users/usman/.m2/repository/org/springframework/boot/spring-boot-starter-security/2.0.3.RELEASE/spring-boot-starter-security-2.0.3.RELEASE.jar:/Users/usman/.m2/repository/org/springframework/spring-aop/5.0.7.RELEASE/spring-aop-5.0.7.RELEASE.jar:/Users/usman/.m2/repository/org/springframework/security/spring-security-config/5.0.6.RELEASE/spring-security-config-5.0.6.RELEASE.jar:/Users/usman/.m2/repository/io/jsonwebtoken/jjwt/0.9.1/jjwt-0.9.1.jar:/Users/usman/.m2/repository/org/javassist/javassist/3.27.0-GA/javassist-3.27.0-GA.jar:/Users/usman/.m2/repository/javax/persistence/javax.persistence-api/2.2/javax.persistence-api-2.2.jar:/Users/usman/.m2/repository/com/google/guava/guava/27.1-android/guava-27.1-android.jar:/Users/usman/.m2/repository/com/google/guava/failureaccess/1.0.1/failureaccess-1.0.1.jar:/Users/usman/.m2/repository/com/google/guava/listenablefuture/9999.0-empty-to-avoid-conflict-with-guava/listenablefuture-9999.0-empty-to-avoid-conflict-with-guava.jar:/Users/usman/.m2/repository/com/google/code/findbugs/jsr305/3.0.2/jsr305-3.0.2.jar:/Users/usman/.m2/repository/org/checkerframework/checker-compat-qual/2.5.2/checker-compat-qual-2.5.2.jar:/Users/usman/.m2/repository/com/google/errorprone/error_prone_annotations/2.2.0/error_prone_annotations-2.2.0.jar:/Users/usman/.m2/repository/com/google/j2objc/j2objc-annotations/1.1/j2objc-annotations-1.1.jar:/Users/usman/.m2/repository/org/codehaus/mojo/animal-sniffer-annotations/1.17/animal-sniffer-annotations-1.17.jar:, java.vm.vendor=Oracle Corporation, sun.arch.data.model=64, java.vendor.url=https://java.oracle.com/, user.timezone=Europe/Istanbul, java.vm.specification.version=15, os.name=Mac OS X, sun.java.launcher=SUN_STANDARD, user.country=TR, sun.boot.library.path=/Library/Java/JavaVirtualMachines/jdk-15.jdk/Contents/Home/lib, sun.java.command=/Users/usman/Desktop/Sem/bayzat/BayzTracker/target/surefire/surefirebooter1163746570984664343.jar /Users/usman/Desktop/Sem/bayzat/BayzTracker/target/surefire 2021-01-09T20-54-45_813-jvmRun1 surefire8882372436545265143tmp surefire_012524061362138833916tmp, http.nonProxyHosts=local|*.local|169.254/16|*.169.254/16, jdk.debug=release, surefire.test.class.path=/Users/usman/Desktop/Sem/bayzat/BayzTracker/target/test-classes:/Users/usman/Desktop/Sem/bayzat/BayzTracker/target/classes:/Users/usman/.m2/repository/org/springframework/boot/spring-boot-starter-data-rest/2.0.3.RELEASE/spring-boot-starter-data-rest-2.0.3.RELEASE.jar:/Users/usman/.m2/repository/org/springframework/boot/spring-boot-starter/2.0.3.RELEASE/spring-boot-starter-2.0.3.RELEASE.jar:/Users/usman/.m2/repository/org/springframework/boot/spring-boot-starter-logging/2.0.3.RELEASE/spring-boot-starter-logging-2.0.3.RELEASE.jar:/Users/usman/.m2/repository/ch/qos/logback/logback-classic/1.2.3/logback-classic-1.2.3.jar:/Users/usman/.m2/repository/ch/qos/logback/logback-core/1.2.3/logback-core-1.2.3.jar:/Users/usman/.m2/repository/org/apache/logging/log4j/log4j-to-slf4j/2.10.0/log4j-to-slf4j-2.10.0.jar:/Users/usman/.m2/repository/org/apache/logging/log4j/log4j-api/2.10.0/log4j-api-2.10.0.jar:/Users/usman/.m2/repository/org/slf4j/jul-to-slf4j/1.7.25/jul-to-slf4j-1.7.25.jar:/Users/usman/.m2/repository/javax/annotation/javax.annotation-api/1.3.2/javax.annotation-api-1.3.2.jar:/Users/usman/.m2/repository/org/yaml/snakeyaml/1.19/snakeyaml-1.19.jar:/Users/usman/.m2/repository/org/springframework/boot/spring-boot-starter-json/2.0.3.RELEASE/spring-boot-starter-json-2.0.3.RELEASE.jar:/Users/usman/.m2/repository/com/fasterxml/jackson/datatype/jackson-datatype-jdk8/2.9.6/jackson-datatype-jdk8-2.9.6.jar:/Users/usman/.m2/repository/com/fasterxml/jackson/datatype/jackson-datatype-jsr310/2.9.6/jackson-datatype-jsr310-2.9.6.jar:/Users/usman/.m2/repository/com/fasterxml/jackson/module/jackson-module-parameter-names/2.9.6/jackson-module-parameter-names-2.9.6.jar:/Users/usman/.m2/repository/org/springframework/data/spring-data-rest-webmvc/3.0.8.RELEASE/spring-data-rest-webmvc-3.0.8.RELEASE.jar:/Users/usman/.m2/repository/org/springframework/data/spring-data-rest-core/3.0.8.RELEASE/spring-data-rest-core-3.0.8.RELEASE.jar:/Users/usman/.m2/repository/org/springframework/hateoas/spring-hateoas/0.24.0.RELEASE/spring-hateoas-0.24.0.RELEASE.jar:/Users/usman/.m2/repository/org/springframework/plugin/spring-plugin-core/1.2.0.RELEASE/spring-plugin-core-1.2.0.RELEASE.jar:/Users/usman/.m2/repository/org/atteo/evo-inflector/1.2.2/evo-inflector-1.2.2.jar:/Users/usman/.m2/repository/com/fasterxml/jackson/core/jackson-annotations/2.9.0/jackson-annotations-2.9.0.jar:/Users/usman/.m2/repository/org/slf4j/slf4j-api/1.7.25/slf4j-api-1.7.25.jar:/Users/usman/.m2/repository/org/springframework/boot/spring-boot-starter-integration/2.0.3.RELEASE/spring-boot-starter-integration-2.0.3.RELEASE.jar:/Users/usman/.m2/repository/org/springframework/boot/spring-boot-starter-aop/2.0.3.RELEASE/spring-boot-starter-aop-2.0.3.RELEASE.jar:/Users/usman/.m2/repository/org/aspectj/aspectjweaver/1.8.13/aspectjweaver-1.8.13.jar:/Users/usman/.m2/repository/org/springframework/integration/spring-integration-core/5.0.6.RELEASE/spring-integration-core-5.0.6.RELEASE.jar:/Users/usman/.m2/repository/org/springframework/spring-tx/5.0.7.RELEASE/spring-tx-5.0.7.RELEASE.jar:/Users/usman/.m2/repository/org/springframework/retry/spring-retry/1.2.2.RELEASE/spring-retry-1.2.2.RELEASE.jar:/Users/usman/.m2/repository/io/projectreactor/reactor-core/3.1.8.RELEASE/reactor-core-3.1.8.RELEASE.jar:/Users/usman/.m2/repository/org/reactivestreams/reactive-streams/1.0.2/reactive-streams-1.0.2.jar:/Users/usman/.m2/repository/org/springframework/boot/spring-boot-starter-web/2.0.3.RELEASE/spring-boot-starter-web-2.0.3.RELEASE.jar:/Users/usman/.m2/repository/org/springframework/boot/spring-boot-starter-tomcat/2.0.3.RELEASE/spring-boot-starter-tomcat-2.0.3.RELEASE.jar:/Users/usman/.m2/repository/org/apache/tomcat/embed/tomcat-embed-core/8.5.31/tomcat-embed-core-8.5.31.jar:/Users/usman/.m2/repository/org/apache/tomcat/embed/tomcat-embed-el/8.5.31/tomcat-embed-el-8.5.31.jar:/Users/usman/.m2/repository/org/apache/tomcat/embed/tomcat-embed-websocket/8.5.31/tomcat-embed-websocket-8.5.31.jar:/Users/usman/.m2/repository/org/springframework/spring-web/5.0.7.RELEASE/spring-web-5.0.7.RELEASE.jar:/Users/usman/.m2/repository/org/springframework/spring-webmvc/5.0.7.RELEASE/spring-webmvc-5.0.7.RELEASE.jar:/Users/usman/.m2/repository/org/springframework/spring-expression/5.0.7.RELEASE/spring-expression-5.0.7.RELEASE.jar:/Users/usman/.m2/repository/org/hibernate/hibernate-validator/5.1.3.Final/hibernate-validator-5.1.3.Final.jar:/Users/usman/.m2/repository/javax/validation/validation-api/2.0.1.Final/validation-api-2.0.1.Final.jar:/Users/usman/.m2/repository/org/jboss/logging/jboss-logging/3.3.2.Final/jboss-logging-3.3.2.Final.jar:/Users/usman/.m2/repository/com/fasterxml/classmate/1.3.4/classmate-1.3.4.jar:/Users/usman/.m2/repository/org/springframework/boot/spring-boot-devtools/2.0.3.RELEASE/spring-boot-devtools-2.0.3.RELEASE.jar:/Users/usman/.m2/repository/org/springframework/boot/spring-boot/2.0.3.RELEASE/spring-boot-2.0.3.RELEASE.jar:/Users/usman/.m2/repository/org/springframework/boot/spring-boot-autoconfigure/2.0.3.RELEASE/spring-boot-autoconfigure-2.0.3.RELEASE.jar:/Users/usman/.m2/repository/org/springframework/boot/spring-boot-starter-data-jpa/2.0.3.RELEASE/spring-boot-starter-data-jpa-2.0.3.RELEASE.jar:/Users/usman/.m2/repository/org/springframework/boot/spring-boot-starter-jdbc/2.0.3.RELEASE/spring-boot-starter-jdbc-2.0.3.RELEASE.jar:/Users/usman/.m2/repository/com/zaxxer/HikariCP/2.7.9/HikariCP-2.7.9.jar:/Users/usman/.m2/repository/org/springframework/spring-jdbc/5.0.7.RELEASE/spring-jdbc-5.0.7.RELEASE.jar:/Users/usman/.m2/repository/org/hibernate/hibernate-core/5.2.17.Final/hibernate-core-5.2.17.Final.jar:/Users/usman/.m2/repository/org/hibernate/javax/persistence/hibernate-jpa-2.1-api/1.0.2.Final/hibernate-jpa-2.1-api-1.0.2.Final.jar:/Users/usman/.m2/repository/antlr/antlr/2.7.7/antlr-2.7.7.jar:/Users/usman/.m2/repository/org/jboss/jandex/2.0.3.Final/jandex-2.0.3.Final.jar:/Users/usman/.m2/repository/dom4j/dom4j/1.6.1/dom4j-1.6.1.jar:/Users/usman/.m2/repository/org/hibernate/common/hibernate-commons-annotations/5.0.1.Final/hibernate-commons-annotations-5.0.1.Final.jar:/Users/usman/.m2/repository/javax/transaction/javax.transaction-api/1.2/javax.transaction-api-1.2.jar:/Users/usman/.m2/repository/org/springframework/data/spring-data-jpa/2.0.8.RELEASE/spring-data-jpa-2.0.8.RELEASE.jar:/Users/usman/.m2/repository/org/springframework/data/spring-data-commons/2.0.8.RELEASE/spring-data-commons-2.0.8.RELEASE.jar:/Users/usman/.m2/repository/org/springframework/spring-orm/5.0.7.RELEASE/spring-orm-5.0.7.RELEASE.jar:/Users/usman/.m2/repository/org/springframework/spring-aspects/5.0.7.RELEASE/spring-aspects-5.0.7.RELEASE.jar:/Users/usman/.m2/repository/org/springframework/spring-websocket/5.0.7.RELEASE/spring-websocket-5.0.7.RELEASE.jar:/Users/usman/.m2/repository/org/springframework/spring-context/5.0.7.RELEASE/spring-context-5.0.7.RELEASE.jar:/Users/usman/.m2/repository/org/springframework/spring-core/5.0.7.RELEASE/spring-core-5.0.7.RELEASE.jar:/Users/usman/.m2/repository/org/springframework/spring-jcl/5.0.7.RELEASE/spring-jcl-5.0.7.RELEASE.jar:/Users/usman/.m2/repository/org/springframework/spring-messaging/5.0.7.RELEASE/spring-messaging-5.0.7.RELEASE.jar:/Users/usman/.m2/repository/org/springframework/spring-beans/5.0.7.RELEASE/spring-beans-5.0.7.RELEASE.jar:/Users/usman/.m2/repository/org/springframework/boot/spring-boot-starter-test/2.0.3.RELEASE/spring-boot-starter-test-2.0.3.RELEASE.jar:/Users/usman/.m2/repository/org/springframework/boot/spring-boot-test/2.0.3.RELEASE/spring-boot-test-2.0.3.RELEASE.jar:/Users/usman/.m2/repository/org/springframework/boot/spring-boot-test-autoconfigure/2.0.3.RELEASE/spring-boot-test-autoconfigure-2.0.3.RELEASE.jar:/Users/usman/.m2/repository/com/jayway/jsonpath/json-path/2.4.0/json-path-2.4.0.jar:/Users/usman/.m2/repository/org/assertj/assertj-core/3.9.1/assertj-core-3.9.1.jar:/Users/usman/.m2/repository/org/hamcrest/hamcrest-core/1.3/hamcrest-core-1.3.jar:/Users/usman/.m2/repository/org/hamcrest/hamcrest-library/1.3/hamcrest-library-1.3.jar:/Users/usman/.m2/repository/org/skyscreamer/jsonassert/1.5.0/jsonassert-1.5.0.jar:/Users/usman/.m2/repository/com/vaadin/external/google/android-json/0.0.20131108.vaadin1/android-json-0.0.20131108.vaadin1.jar:/Users/usman/.m2/repository/org/springframework/spring-test/5.0.7.RELEASE/spring-test-5.0.7.RELEASE.jar:/Users/usman/.m2/repository/org/xmlunit/xmlunit-core/2.5.1/xmlunit-core-2.5.1.jar:/Users/usman/.m2/repository/org/springframework/security/spring-security-test/5.0.6.RELEASE/spring-security-test-5.0.6.RELEASE.jar:/Users/usman/.m2/repository/org/springframework/security/spring-security-core/5.0.6.RELEASE/spring-security-core-5.0.6.RELEASE.jar:/Users/usman/.m2/repository/org/springframework/security/spring-security-web/5.0.6.RELEASE/spring-security-web-5.0.6.RELEASE.jar:/Users/usman/.m2/repository/org/springframework/restdocs/spring-restdocs-mockmvc/2.0.1.RELEASE/spring-restdocs-mockmvc-2.0.1.RELEASE.jar:/Users/usman/.m2/repository/javax/servlet/javax.servlet-api/3.1.0/javax.servlet-api-3.1.0.jar:/Users/usman/.m2/repository/org/springframework/restdocs/spring-restdocs-core/2.0.1.RELEASE/spring-restdocs-core-2.0.1.RELEASE.jar:/Users/usman/.m2/repository/org/projectlombok/lombok/1.16.22/lombok-1.16.22.jar:/Users/usman/.m2/repository/org/postgresql/postgresql/9.4.1211/postgresql-9.4.1211.jar:/Users/usman/.m2/repository/com/fasterxml/jackson/datatype/jackson-datatype-hibernate5/2.9.8/jackson-datatype-hibernate5-2.9.8.jar:/Users/usman/.m2/repository/javax/transaction/jta/1.1/jta-1.1.jar:/Users/usman/.m2/repository/com/fasterxml/jackson/core/jackson-core/2.9.6/jackson-core-2.9.6.jar:/Users/usman/.m2/repository/com/fasterxml/jackson/core/jackson-databind/2.9.6/jackson-databind-2.9.6.jar:/Users/usman/.m2/repository/net/minidev/json-smart/2.3/json-smart-2.3.jar:/Users/usman/.m2/repository/net/minidev/accessors-smart/1.2/accessors-smart-1.2.jar:/Users/usman/.m2/repository/org/ow2/asm/asm/5.0.4/asm-5.0.4.jar:/Users/usman/.m2/repository/org/mockito/mockito-core/2.23.0/mockito-core-2.23.0.jar:/Users/usman/.m2/repository/net/bytebuddy/byte-buddy/1.7.11/byte-buddy-1.7.11.jar:/Users/usman/.m2/repository/net/bytebuddy/byte-buddy-agent/1.7.11/byte-buddy-agent-1.7.11.jar:/Users/usman/.m2/repository/org/objenesis/objenesis/2.6/objenesis-2.6.jar:/Users/usman/.m2/repository/junit/junit/4.12/junit-4.12.jar:/Users/usman/.m2/repository/org/glassfish/jaxb/jaxb-runtime/2.3.3/jaxb-runtime-2.3.3.jar:/Users/usman/.m2/repository/jakarta/xml/bind/jakarta.xml.bind-api/2.3.3/jakarta.xml.bind-api-2.3.3.jar:/Users/usman/.m2/repository/org/glassfish/jaxb/txw2/2.3.3/txw2-2.3.3.jar:/Users/usman/.m2/repository/com/sun/istack/istack-commons-runtime/3.0.11/istack-commons-runtime-3.0.11.jar:/Users/usman/.m2/repository/com/sun/activation/jakarta.activation/1.2.2/jakarta.activation-1.2.2.jar:/Users/usman/.m2/repository/org/springframework/boot/spring-boot-starter-security/2.0.3.RELEASE/spring-boot-starter-security-2.0.3.RELEASE.jar:/Users/usman/.m2/repository/org/springframework/spring-aop/5.0.7.RELEASE/spring-aop-5.0.7.RELEASE.jar:/Users/usman/.m2/repository/org/springframework/security/spring-security-config/5.0.6.RELEASE/spring-security-config-5.0.6.RELEASE.jar:/Users/usman/.m2/repository/io/jsonwebtoken/jjwt/0.9.1/jjwt-0.9.1.jar:/Users/usman/.m2/repository/org/javassist/javassist/3.27.0-GA/javassist-3.27.0-GA.jar:/Users/usman/.m2/repository/javax/persistence/javax.persistence-api/2.2/javax.persistence-api-2.2.jar:/Users/usman/.m2/repository/com/google/guava/guava/27.1-android/guava-27.1-android.jar:/Users/usman/.m2/repository/com/google/guava/failureaccess/1.0.1/failureaccess-1.0.1.jar:/Users/usman/.m2/repository/com/google/guava/listenablefuture/9999.0-empty-to-avoid-conflict-with-guava/listenablefuture-9999.0-empty-to-avoid-conflict-with-guava.jar:/Users/usman/.m2/repository/com/google/code/findbugs/jsr305/3.0.2/jsr305-3.0.2.jar:/Users/usman/.m2/repository/org/checkerframework/checker-compat-qual/2.5.2/checker-compat-qual-2.5.2.jar:/Users/usman/.m2/repository/com/google/errorprone/error_prone_annotations/2.2.0/error_prone_annotations-2.2.0.jar:/Users/usman/.m2/repository/com/google/j2objc/j2objc-annotations/1.1/j2objc-annotations-1.1.jar:/Users/usman/.m2/repository/org/codehaus/mojo/animal-sniffer-annotations/1.17/animal-sniffer-annotations-1.17.jar:, sun.cpu.endian=little, user.home=/Users/usman, user.language=en, java.specification.vendor=Oracle Corporation, java.version.date=2020-09-15, java.home=/Library/Java/JavaVirtualMachines/jdk-15.jdk/Contents/Home, file.separator=/, basedir=/Users/usman/Desktop/Sem/bayzat/BayzTracker, java.vm.compressedOopsMode=Zero based, line.separator=
, java.vm.specification.vendor=Oracle Corporation, java.specification.name=Java Platform API Specification, surefire.real.class.path=/Users/usman/Desktop/Sem/bayzat/BayzTracker/target/surefire/surefirebooter1163746570984664343.jar, sun.management.compiler=HotSpot 64-Bit Tiered Compilers, ftp.nonProxyHosts=local|*.local|169.254/16|*.169.254/16, java.runtime.version=15+36-1562, user.name=usman, path.separator=:, os.version=10.16, java.runtime.name=Java(TM) SE Runtime Environment, file.encoding=UTF-8, java.vm.name=Java HotSpot(TM) 64-Bit Server VM, localRepository=/Users/usman/.m2/repository, java.vendor.url.bug=https://bugreport.java.com/bugreport/, java.io.tmpdir=/var/folders/k6/z5z9v7xn6s1069wpdtf81jjw0000gn/T/, idea.version=2020.3.1, java.version=15, user.dir=/Users/usman/Desktop/Sem/bayzat/BayzTracker, os.arch=x86_64, java.vm.specification.name=Java Virtual Machine Specification, java.library.path=/Users/usman/Library/Java/Extensions:/Library/Java/Extensions:/Network/Library/Java/Extensions:/System/Library/Java/Extensions:/usr/lib/java:., java.vm.info=mixed mode, sharing, java.vendor=Oracle Corporation, java.vm.version=15+36-1562, sun.io.unicode.encoding=UnicodeBig, socksNonProxyHosts=local|*.local|169.254/16|*.169.254/16, java.class.version=59.0}}, SystemEnvironmentPropertySource@1101184763 {name='systemEnvironment', properties={__CFBundleIdentifier=com.jetbrains.intellij, PATH=/usr/local/opt/bison/bin:/usr/local/opt/flex/bin:/usr/local/opt/llvm/bin:/usr/local/opt/libpq/bin:/usr/local/opt/libpq/bin:/usr/local/opt/libpq/bin:/usr/local/bin:/usr/bin:/bin:/usr/sbin:/sbin:/Users/usman/Desktop/Sem/sensgreen/liquibase-4.0.0-bin:/Library/TeX/texbin:/Library/Apple/usr/bin, SHELL=/bin/zsh, OLDPWD=/Users/usman/Desktop/Sem/bayzat/BayzTracker, USER=usman, COMMAND_MODE=unix2003, TMPDIR=/var/folders/k6/z5z9v7xn6s1069wpdtf81jjw0000gn/T/, SSH_AUTH_SOCK=/private/tmp/com.apple.launchd.YHoYXhXAOR/Listeners, XPC_FLAGS=0x0, VERSIONER_PYTHON_VERSION=2.7, __CF_USER_TEXT_ENCODING=0x1F5:0x0:0x0, LOGNAME=usman, JAVA_MAIN_CLASS_5775=org.apache.maven.surefire.booter.ForkedBooter, LC_CTYPE=en_US.UTF-8, XPC_SERVICE_NAME=0, PWD=/Users/usman/Desktop/Sem/bayzat/BayzTracker, HOME=/Users/usman, SHLVL=1, JAVA_MAIN_CLASS_5758=org.codehaus.classworlds.Launcher, _=/Library/Java/JavaVirtualMachines/jdk-15.jdk/Contents/Home/bin/java}}]
20:54:46.694 [main] DEBUG org.springframework.core.io.support.PathMatchingResourcePatternResolver - Resolved classpath location [com/bayzat/bayztracker/controller/] to resources [URL [file:/Users/usman/Desktop/Sem/bayzat/BayzTracker/target/test-classes/com/bayzat/bayztracker/controller/], URL [file:/Users/usman/Desktop/Sem/bayzat/BayzTracker/target/classes/com/bayzat/bayztracker/controller/]]
20:54:46.694 [main] DEBUG org.springframework.core.io.support.PathMatchingResourcePatternResolver - Looking for matching resources in directory tree [/Users/usman/Desktop/Sem/bayzat/BayzTracker/target/test-classes/com/bayzat/bayztracker/controller]
20:54:46.694 [main] DEBUG org.springframework.core.io.support.PathMatchingResourcePatternResolver - Searching directory [/Users/usman/Desktop/Sem/bayzat/BayzTracker/target/test-classes/com/bayzat/bayztracker/controller] for files matching pattern [/Users/usman/Desktop/Sem/bayzat/BayzTracker/target/test-classes/com/bayzat/bayztracker/controller/*.class]
20:54:46.698 [main] DEBUG org.springframework.core.io.support.PathMatchingResourcePatternResolver - Looking for matching resources in directory tree [/Users/usman/Desktop/Sem/bayzat/BayzTracker/target/classes/com/bayzat/bayztracker/controller]
20:54:46.698 [main] DEBUG org.springframework.core.io.support.PathMatchingResourcePatternResolver - Searching directory [/Users/usman/Desktop/Sem/bayzat/BayzTracker/target/classes/com/bayzat/bayztracker/controller] for files matching pattern [/Users/usman/Desktop/Sem/bayzat/BayzTracker/target/classes/com/bayzat/bayztracker/controller/*.class]
20:54:46.699 [main] DEBUG org.springframework.core.io.support.PathMatchingResourcePatternResolver - Resolved location pattern [classpath*:com/bayzat/bayztracker/controller/*.class] to resources [file [/Users/usman/Desktop/Sem/bayzat/BayzTracker/target/test-classes/com/bayzat/bayztracker/controller/AlertControllerTest.class], file [/Users/usman/Desktop/Sem/bayzat/BayzTracker/target/test-classes/com/bayzat/bayztracker/controller/AuthControllerTest.class], file [/Users/usman/Desktop/Sem/bayzat/BayzTracker/target/test-classes/com/bayzat/bayztracker/controller/CurrencyControllerTest.class], file [/Users/usman/Desktop/Sem/bayzat/BayzTracker/target/classes/com/bayzat/bayztracker/controller/AlertController.class], file [/Users/usman/Desktop/Sem/bayzat/BayzTracker/target/classes/com/bayzat/bayztracker/controller/AuthController.class], file [/Users/usman/Desktop/Sem/bayzat/BayzTracker/target/classes/com/bayzat/bayztracker/controller/CurrencyController.class]]
20:54:46.734 [main] DEBUG org.springframework.core.io.support.PathMatchingResourcePatternResolver - Resolved classpath location [com/bayzat/bayztracker/] to resources [URL [file:/Users/usman/Desktop/Sem/bayzat/BayzTracker/target/test-classes/com/bayzat/bayztracker/], URL [file:/Users/usman/Desktop/Sem/bayzat/BayzTracker/target/classes/com/bayzat/bayztracker/]]
20:54:46.734 [main] DEBUG org.springframework.core.io.support.PathMatchingResourcePatternResolver - Looking for matching resources in directory tree [/Users/usman/Desktop/Sem/bayzat/BayzTracker/target/test-classes/com/bayzat/bayztracker]
20:54:46.734 [main] DEBUG org.springframework.core.io.support.PathMatchingResourcePatternResolver - Searching directory [/Users/usman/Desktop/Sem/bayzat/BayzTracker/target/test-classes/com/bayzat/bayztracker] for files matching pattern [/Users/usman/Desktop/Sem/bayzat/BayzTracker/target/test-classes/com/bayzat/bayztracker/*.class]
20:54:46.735 [main] DEBUG org.springframework.core.io.support.PathMatchingResourcePatternResolver - Looking for matching resources in directory tree [/Users/usman/Desktop/Sem/bayzat/BayzTracker/target/classes/com/bayzat/bayztracker]
20:54:46.735 [main] DEBUG org.springframework.core.io.support.PathMatchingResourcePatternResolver - Searching directory [/Users/usman/Desktop/Sem/bayzat/BayzTracker/target/classes/com/bayzat/bayztracker] for files matching pattern [/Users/usman/Desktop/Sem/bayzat/BayzTracker/target/classes/com/bayzat/bayztracker/*.class]
20:54:46.738 [main] DEBUG org.springframework.core.io.support.PathMatchingResourcePatternResolver - Resolved location pattern [classpath*:com/bayzat/bayztracker/*.class] to resources [file [/Users/usman/Desktop/Sem/bayzat/BayzTracker/target/classes/com/bayzat/bayztracker/BayzTrackerApp.class]]
20:54:46.766 [main] DEBUG org.springframework.context.annotation.ClassPathScanningCandidateComponentProvider - Identified candidate component class: file [/Users/usman/Desktop/Sem/bayzat/BayzTracker/target/classes/com/bayzat/bayztracker/BayzTrackerApp.class]
20:54:46.768 [main] INFO org.springframework.boot.test.context.SpringBootTestContextBootstrapper - Found @SpringBootConfiguration com.bayzat.bayztracker.BayzTrackerApp for test class com.bayzat.bayztracker.controller.CurrencyControllerTest
20:54:46.920 [main] DEBUG org.springframework.boot.test.context.SpringBootTestContextBootstrapper - @TestExecutionListeners is not present for class [com.bayzat.bayztracker.controller.CurrencyControllerTest]: using defaults.
20:54:46.921 [main] INFO org.springframework.boot.test.context.SpringBootTestContextBootstrapper - Loaded default TestExecutionListener class names from location [META-INF/spring.factories]: [org.springframework.boot.test.mock.mockito.MockitoTestExecutionListener, org.springframework.boot.test.mock.mockito.ResetMocksTestExecutionListener, org.springframework.boot.test.autoconfigure.restdocs.RestDocsTestExecutionListener, org.springframework.boot.test.autoconfigure.web.client.MockRestServiceServerResetTestExecutionListener, org.springframework.boot.test.autoconfigure.web.servlet.MockMvcPrintOnlyOnFailureTestExecutionListener, org.springframework.boot.test.autoconfigure.web.servlet.WebDriverTestExecutionListener, org.springframework.test.context.web.ServletTestExecutionListener, org.springframework.test.context.support.DirtiesContextBeforeModesTestExecutionListener, org.springframework.test.context.support.DependencyInjectionTestExecutionListener, org.springframework.test.context.support.DirtiesContextTestExecutionListener, org.springframework.test.context.transaction.TransactionalTestExecutionListener, org.springframework.test.context.jdbc.SqlScriptsTestExecutionListener, org.springframework.security.test.context.support.WithSecurityContextTestExecutionListener, org.springframework.security.test.context.support.ReactorContextTestExecutionListener]
20:54:46.995 [main] INFO org.springframework.boot.test.context.SpringBootTestContextBootstrapper - Using TestExecutionListeners: [org.springframework.test.context.web.ServletTestExecutionListener@49c66ade, org.springframework.test.context.support.DirtiesContextBeforeModesTestExecutionListener@6239aba6, org.springframework.boot.test.mock.mockito.MockitoTestExecutionListener@3e6104fc, org.springframework.boot.test.autoconfigure.SpringBootDependencyInjectionTestExecutionListener@12359a82, org.springframework.test.context.support.DirtiesContextTestExecutionListener@68df9280, org.springframework.test.context.transaction.TransactionalTestExecutionListener@479460a6, org.springframework.test.context.jdbc.SqlScriptsTestExecutionListener@7164ca4c, org.springframework.security.test.context.support.WithSecurityContextTestExecutionListener@4f3bbf68, org.springframework.security.test.context.support.ReactorContextTestExecutionListener@5be46f9d, org.springframework.boot.test.mock.mockito.ResetMocksTestExecutionListener@3f91b517, org.springframework.boot.test.autoconfigure.restdocs.RestDocsTestExecutionListener@68702e03, org.springframework.boot.test.autoconfigure.web.client.MockRestServiceServerResetTestExecutionListener@7a220c9a, org.springframework.boot.test.autoconfigure.web.servlet.MockMvcPrintOnlyOnFailureTestExecutionListener@2421cc4, org.springframework.boot.test.autoconfigure.web.servlet.WebDriverTestExecutionListener@30c93896]
20:54:46.997 [main] DEBUG org.springframework.test.annotation.ProfileValueUtils - Retrieved @ProfileValueSourceConfiguration [null] for test class [com.bayzat.bayztracker.controller.CurrencyControllerTest]
20:54:46.998 [main] DEBUG org.springframework.test.annotation.ProfileValueUtils - Retrieved ProfileValueSource type [class org.springframework.test.annotation.SystemProfileValueSource] for class [com.bayzat.bayztracker.controller.CurrencyControllerTest]
20:54:46.999 [main] DEBUG org.springframework.test.annotation.ProfileValueUtils - Retrieved @ProfileValueSourceConfiguration [null] for test class [com.bayzat.bayztracker.controller.CurrencyControllerTest]
20:54:47.000 [main] DEBUG org.springframework.test.annotation.ProfileValueUtils - Retrieved ProfileValueSource type [class org.springframework.test.annotation.SystemProfileValueSource] for class [com.bayzat.bayztracker.controller.CurrencyControllerTest]
20:54:47.000 [main] DEBUG org.springframework.test.annotation.ProfileValueUtils - Retrieved @ProfileValueSourceConfiguration [null] for test class [com.bayzat.bayztracker.controller.CurrencyControllerTest]
20:54:47.000 [main] DEBUG org.springframework.test.annotation.ProfileValueUtils - Retrieved ProfileValueSource type [class org.springframework.test.annotation.SystemProfileValueSource] for class [com.bayzat.bayztracker.controller.CurrencyControllerTest]
]]></system-out>
  </testcase>
</testsuite>